Log file open, 05/27/16 18:23:27
LogInit:Display: Running engine for game: WhisperOfALullaby
LogPlatformFile: Not using cached read wrapper
LogInit:Display: RandInit(-1241807505) SRandInit(-1241807503).
LogTaskGraph: Started task graph with 4 named threads and 7 total threads.
LogStats: Stats thread started at 0.080446
LogInit: Version: 4.11.2-2946394+++UE4+Release-4.11
LogInit: API Version: 2927265
LogInit: Compiled (64-bit): Apr 18 2016 02:18:46
LogInit: Compiled with Visual C++: 19.00.23026.00
LogInit: Build Configuration: Development
LogInit: Branch Name: ++UE4+Release-4.11
LogInit: Command line:  
LogInit: Base directory: D:/Epic Games/4.11/Engine/Binaries/Win64/
LogInit: Installed Engine Build: 1
LogInit: Using libcurl 7.41.0
LogInit:  - built for x86_64-pc-win32
LogInit:  - supports SSL with WinSSL
LogInit:  - other features:
LogInit:      CURL_VERSION_SSL
LogInit:      CURL_VERSION_IPV6
LogInit:      CURL_VERSION_ASYNCHDNS
LogInit:      CURL_VERSION_LARGEFILE
LogInit:      CURL_VERSION_IDN
LogInit:  CurlRequestOptions (configurable via config and command line):
LogInit:  - bVerifyPeer = true  - Libcurl will verify peer certificate
LogInit:  - bUseHttpProxy = false  - Libcurl will NOT use HTTP proxy
LogInit:  - bDontReuseConnections = false  - Libcurl will reuse connections
LogInit:  - CertBundlePath = nullptr  - Libcurl will use whatever was configured at build time.
LogInit: Presizing for max 16777216 objects, including 0 objects not considered by GC, pre-allocating 0 bytes for permanent pool.
LogInit: Object subsystem initialized
[2016.05.27-22.23.27:474][  0]LogInit: Selected Device Profile: [Windows]
[2016.05.27-22.23.27:474][  0]LogInit: Applying CVar settings loaded from the selected device profile: [Windows]
[2016.05.27-22.23.27:480][  0]LogInit: Computer: RESONANCE
[2016.05.27-22.23.27:480][  0]LogInit: User: TrueBond
[2016.05.27-22.23.27:480][  0]LogInit: CPU Page size=65536, Cores=4
[2016.05.27-22.23.27:480][  0]LogInit: High frequency timer resolution =3.328132 MHz
[2016.05.27-22.23.27:480][  0]LogMemory: Memory total: Physical=16.0GB (16GB approx)
[2016.05.27-22.23.27:480][  0]LogMemory: Platform Memory Stats for Windows
[2016.05.27-22.23.27:480][  0]LogMemory: Process Physical Memory: 314.19 MB used, 314.19 MB peak
[2016.05.27-22.23.27:480][  0]LogMemory: Process Virtual Memory: 314.97 MB used, 314.97 MB peak
[2016.05.27-22.23.27:480][  0]LogMemory: Physical Memory: 7279.48 MB used, 16343.75 MB total
[2016.05.27-22.23.27:480][  0]LogMemory: Virtual Memory: 639.07 MB used, 134217728.00 MB total
[2016.05.27-22.23.27:514][  0]LogTextLocalizationManager: No specific translations for ('en-US') exist, so ('en') translations will be used.
[2016.05.27-22.23.27:852][  0]LogD3D11RHI: D3D11 adapters:
[2016.05.27-22.23.27:885][  0]LogD3D11RHI:    0. 'NVIDIA GeForce GTX 970' (Feature Level 11_0)
[2016.05.27-22.23.27:885][  0]LogD3D11RHI:       4007MB of dedicated video memory, 0MB of dedicated system memory, and 8171MB of shared system memory, 2 output[s]
[2016.05.27-22.23.27:886][  0]LogD3D11RHI:    1. 'Microsoft Basic Render Driver' (Feature Level 11_0)
[2016.05.27-22.23.27:886][  0]LogD3D11RHI:       0MB of dedicated video memory, 0MB of dedicated system memory, and 8171MB of shared system memory, 0 output[s]
[2016.05.27-22.23.27:886][  0]LogD3D11RHI: Chosen D3D11 Adapter: 0
[2016.05.27-22.23.27:892][  0]LogD3D11RHI: Creating new Direct3DDevice
[2016.05.27-22.23.27:892][  0]LogD3D11RHI:     Adapter Name: NVIDIA GeForce GTX 970
[2016.05.27-22.23.27:892][  0]LogD3D11RHI:   Driver Version: 10.18.13.6143 (internal 10.18.13.6143)
[2016.05.27-22.23.27:892][  0]LogD3D11RHI:      Driver Date: 12-16-2015
[2016.05.27-22.23.27:892][  0]LogRHI: Texture pool is 1361 MB (70% of 1945 MB)
[2016.05.27-22.23.27:912][  0]LogD3D11RHI: Async texture creation enabled
[2016.05.27-22.23.27:929][  0]LogShaderCompilers: Guid format shader working directory is -23 characters bigger than the processId version (../../../../../My Documents/GitHub/ChildrenAmongGiants/WhisperOfALullaby/Intermediate/Shaders/WorkingDirectory/6800/).
[2016.05.27-22.23.27:930][  0]LogShaderCompilers: Cleaned the shader compiler working directory 'C:/Users/TrueBond/AppData/Local/Temp/UnrealShaderWorkingDir/FB5DCA8B4C6CFEAE108ED590E2D72831/'.
[2016.05.27-22.23.27:930][  0]LogShaderCompilers:Display: Using Local Shader Compiler.
[2016.05.27-22.23.28:911][  0]LogTemp:Display: Loaded TP AllDesktopTargetPlatform
[2016.05.27-22.23.28:914][  0]LogTemp:Display: Loaded TP WindowsClientTargetPlatform
[2016.05.27-22.23.28:918][  0]LogTemp:Display: Loaded TP WindowsNoEditorTargetPlatform
[2016.05.27-22.23.28:922][  0]LogTemp:Display: Loaded TP WindowsServerTargetPlatform
[2016.05.27-22.23.28:927][  0]LogTemp:Display: Loaded TP WindowsTargetPlatform
[2016.05.27-22.23.28:929][  0]LogTemp:Display: Loaded TP AndroidTargetPlatform
[2016.05.27-22.23.28:932][  0]LogTemp:Display: Loaded TP Android_ASTCTargetPlatform
[2016.05.27-22.23.28:935][  0]LogTemp:Display: Loaded TP Android_ATCTargetPlatform
[2016.05.27-22.23.28:938][  0]LogTemp:Display: Loaded TP Android_DXTTargetPlatform
[2016.05.27-22.23.28:941][  0]LogTemp:Display: Loaded TP Android_ETC1TargetPlatform
[2016.05.27-22.23.28:944][  0]LogTemp:Display: Loaded TP Android_ETC2TargetPlatform
[2016.05.27-22.23.28:949][  0]LogTemp:Display: Loaded TP Android_MultiTargetPlatform
[2016.05.27-22.23.28:949][  0]LogTemp:Display: Loaded TP Android_PVRTCTargetPlatform
[2016.05.27-22.23.28:950][  0]LogTemp:Display: Loaded TP HTML5TargetPlatform
[2016.05.27-22.23.28:967][  0]LogTemp:Display: Loaded TP IOSTargetPlatform
[2016.05.27-22.23.28:970][  0]LogTemp:Display: Loaded TP TVOSTargetPlatform
[2016.05.27-22.23.28:973][  0]LogTemp:Display: Loaded TP LinuxNoEditorTargetPlatform
[2016.05.27-22.23.28:976][  0]LogTemp:Display: Loaded TP LinuxServerTargetPlatform
[2016.05.27-22.23.28:978][  0]LogTemp:Display: Loaded TP LinuxTargetPlatform
[2016.05.27-22.23.28:978][  0]LogTargetPlatformManager:Display: Building Assets For Windows
[2016.05.27-22.23.29:049][  0]LogDerivedDataCache:Display: Max Cache Size: 512 MB
[2016.05.27-22.23.29:192][  0]LogDerivedDataCache: Loaded boot cache 0.14s 46MB C:/Users/TrueBond/AppData/Local/UnrealEngine/4.11/DerivedDataCache/Boot.ddc.
[2016.05.27-22.23.29:212][  0]LogDerivedDataCache:Display: Loaded Boot cache: C:/Users/TrueBond/AppData/Local/UnrealEngine/4.11/DerivedDataCache/Boot.ddc
[2016.05.27-22.23.29:220][  0]LogDerivedDataCache: FDerivedDataBackendGraph:  Pak pak cache file ../../../../../My Documents/GitHub/ChildrenAmongGiants/WhisperOfALullaby/DerivedDataCache/DDC.ddp not found, will not use a pak cache.
[2016.05.27-22.23.29:220][  0]LogDerivedDataCache: Unable to find inner node Pak for hierarchical cache Hierarchy.
[2016.05.27-22.23.29:220][  0]LogDerivedDataCache: FDerivedDataBackendGraph:  CompressedPak pak cache file ../../../../../My Documents/GitHub/ChildrenAmongGiants/WhisperOfALullaby/DerivedDataCache/Compressed.ddp not found, will not use a pak cache.
[2016.05.27-22.23.29:220][  0]LogDerivedDataCache: Unable to find inner node CompressedPak for hierarchical cache Hierarchy.
[2016.05.27-22.23.29:266][  0]LogDerivedDataCache:Display: Pak cache opened for reading ../../../Engine/DerivedDataCache/Compressed.ddp.
[2016.05.27-22.23.29:278][  0]LogDerivedDataCache: Using Local data cache path C:/Users/TrueBond/AppData/Local/UnrealEngine/Common/DerivedDataCache: Writable
[2016.05.27-22.23.34:588][  0]LogInit: Selected Device Profile: [Windows]
[2016.05.27-22.23.34:626][  0]LogContentStreaming: Texture pool size is 0.00 MB
[2016.05.27-22.23.35:431][  0]LogMaterial: Uniform references updated for custom material expression Custom.
[2016.05.27-22.23.36:472][  0]LogMeshUtilities: No automatic mesh reduction module available
[2016.05.27-22.23.36:472][  0]LogMeshUtilities: No automatic mesh merging module available
[2016.05.27-22.23.36:472][  0]LogMeshUtilities: No distributed automatic mesh merging module available
[2016.05.27-22.23.38:941][  0]LogUObjectArray: 27679 objects as part of root set at end of initial load.
[2016.05.27-22.23.38:941][  0]LogUObjectAllocator: 5591592 out of 0 bytes used by permanent object pool.
[2016.05.27-22.23.38:942][  0]LogUObjectArray: CloseDisregardForGC: 0/0 objects in disregard for GC pool
[2016.05.27-22.23.38:963][  0]LogInit: WinSock: version 1.1 (2.2), MaxSocks=32767, MaxUdp=65467
[2016.05.27-22.23.40:693][  0]LogSlate: SlateFontCache - WITH_FREETYPE: 1, WITH_HARFBUZZ: 1
[2016.05.27-22.23.40:697][  0]LogSlate: SlateFontCache - WITH_FREETYPE: 1, WITH_HARFBUZZ: 1
[2016.05.27-22.23.41:794][  0]LogStreaming:Warning: Failed to read file '../../../Engine/Content/Editor/Slate/Common/Selection_16x.png' error.
[2016.05.27-22.23.41:794][  0]LogSlate: Could not find file for Slate resource: ../../../Engine/Content/Editor/Slate/Common/Selection_16x.png
[2016.05.27-22.23.41:798][  0]LogStreaming:Warning: Failed to read file '../../../Engine/Content/Editor/Slate/Common/Selection_16x.png' error.
[2016.05.27-22.23.41:798][  0]LogSlate: Could not find file for Slate resource: ../../../Engine/Content/Editor/Slate/Common/Selection_16x.png
[2016.05.27-22.23.41:800][  0]LogStreaming:Warning: Failed to read file '../../../Engine/Content/Editor/Slate/Common/Selection_16x.png' error.
[2016.05.27-22.23.41:800][  0]LogSlate: Could not find file for Slate resource: ../../../Engine/Content/Editor/Slate/Common/Selection_16x.png
[2016.05.27-22.23.45:358][  0]LogSubstanceCoreModule: Substance CPU Engine Loaded, Max Texture Size 2048
[2016.05.27-22.23.45:400][  0]LogUdpMessaging: Initializing bridge on interface 0.0.0.0:0 to multicast group 230.0.0.1:6666.
[2016.05.27-22.23.45:870][  0]LogAssetRegistry: FAssetRegistry took 0.0262 seconds to start up
[2016.05.27-22.23.47:371][  0]SourceControl: Info Source control is disabled
[2016.05.27-22.23.47:385][  0]SourceControl: Info Source control is disabled
[2016.05.27-22.23.47:463][  0]SourceControl: Info Source control is disabled
[2016.05.27-22.23.47:499][  0]SourceControl: Info Source control is disabled
[2016.05.27-22.23.48:132][  0]LogHMD: Failed to initialize OpenVR with code 110
[2016.05.27-22.23.48:900][  0]LogEngine: Initializing Engine...
[2016.05.27-22.23.49:814][  0]LogAIModule: Creating AISystem for world NewWorld
[2016.05.27-22.23.49:995][  0]LogInit: XAudio2 using 'Speakers (SteelSeries Diablo III Headset)' : 2 channels at 44.1 kHz using 16 bits per sample (channel mask 0x3)
[2016.05.27-22.23.50:014][  0]LogInit: FAudioDevice initialized.
[2016.05.27-22.23.50:041][  0]LogDerivedDataCache: Saved boot cache 0.03s 46MB C:/Users/TrueBond/AppData/Local/UnrealEngine/4.11/DerivedDataCache/Boot.ddc.
[2016.05.27-22.23.50:061][  0]LogInit: Texture streaming: Enabled
[2016.05.27-22.23.50:331][  0]LogInit: Transaction tracking system initialized
[2016.05.27-22.23.51:052][  0]BlueprintLog: New page: Editor Load
[2016.05.27-22.23.54:146][  0]LocalizationService: Info Localization service is disabled
[2016.05.27-22.23.56:763][  0]LogConsoleResponse:Display: 
[2016.05.27-22.23.58:803][  0]LogFileCache: Scanning file cache for directory 'D:/My Documents/GitHub/ChildrenAmongGiants/WhisperOfALullaby/Content/' took 0.08s
[2016.05.27-22.23.58:803][  0]LogCook:Display: Max memory allowance for cook 8192mb
[2016.05.27-22.23.58:803][  0]LogCook:Display: Mobile HDR setting 1
[2016.05.27-22.23.58:811][  0]LogCook:Display: Done creating registry. It took  0.00s.
[2016.05.27-22.24.00:464][  0]SourceControl: Info Source control is disabled
[2016.05.27-22.24.00:494][  0]Cmd: MAP LOAD FILE="../../../../../My Documents/GitHub/ChildrenAmongGiants/WhisperOfALullaby/Content/ThirdPersonBP/Maps/ThirdPersonExampleMap.umap" TEMPLATE=0 SHOWPROGRESS=1 FEATURELEVEL=3
[2016.05.27-22.24.00:502][  0]LogEditorServer:Warning: Can't find file '../../../../../My Documents/GitHub/ChildrenAmongGiants/WhisperOfALullaby/Content/ThirdPersonBP/Maps/ThirdPersonExampleMap.umap'
[2016.05.27-22.24.00:502][  0]Cmd: MAP CHECKDEP NOCLEARLOG
[2016.05.27-22.24.00:604][  0]MapCheck: Info Map check complete: 0 Error(s), 0 Warning(s), took 102.148ms to complete.
[2016.05.27-22.24.00:605][  0]LogFileHelpers: Loading map 'ThirdPersonExampleMap' took 0.125
[2016.05.27-22.24.03:313][  0]LogCollectionManager: Loaded 0 collections in 0.001582 seconds
[2016.05.27-22.24.03:461][  0]LogFileCache: Scanning file cache for directory 'D:/My Documents/GitHub/ChildrenAmongGiants/WhisperOfALullaby/Saved/Collections/' took 0.01s
[2016.05.27-22.24.03:461][  0]LogFileCache: Scanning file cache for directory 'D:/My Documents/GitHub/ChildrenAmongGiants/WhisperOfALullaby/Content/Developers/TrueBond/Collections/' took 0.01s
[2016.05.27-22.24.03:461][  0]LogFileCache: Scanning file cache for directory 'D:/My Documents/GitHub/ChildrenAmongGiants/WhisperOfALullaby/Content/Collections/' took 0.01s
[2016.05.27-22.24.03:461][  0]LogCollectionManager: Rebuilt the GUID cache for 0 collections in 0.000003 seconds
[2016.05.27-22.24.03:478][  0]LogContentBrowser: Native class hierarchy populated in 0.0151 seconds. Added 1994 classes and 349 folders.
[2016.05.27-22.24.03:616][  0]LogStats: UGameplayTagsManager::ConstructGameplayTagTree: Construct from data asset -  0.005 s
[2016.05.27-22.24.03:617][  0]LogStats: UGameplayTagsManager::ConstructGameplayTagTree: GameplayTagTreeChangedEvent.Broadcast -  0.001 s
[2016.05.27-22.24.03:618][  0]LogContentBrowser: Native class hierarchy updated for 'GameplayTags' in 0.0004 seconds. Added 12 classes and 0 folders.
[2016.05.27-22.24.03:638][  0]LogContentBrowser: Native class hierarchy updated for 'WidgetCarousel' in 0.0004 seconds. Added 0 classes and 0 folders.
[2016.05.27-22.24.03:780][  0]LogContentBrowser: Native class hierarchy updated for 'SuperSearch' in 0.0007 seconds. Added 1 classes and 2 folders.
[2016.05.27-22.24.04:638][  0]LogContentBrowser: Native class hierarchy updated for 'AddContentDialog' in 0.0004 seconds. Added 0 classes and 0 folders.
[2016.05.27-22.24.04:705][  0]LogContentBrowser: Native class hierarchy updated for 'SceneOutliner' in 0.0004 seconds. Added 1 classes and 2 folders.
[2016.05.27-22.24.06:264][  0]LogCrashTracker: Crashtracker disabled due to settings.
[2016.05.27-22.24.07:730][  0]LogUObjectGlobals:Warning: Failed to find object 'Class None.'
[2016.05.27-22.24.08:334][  0]LogContentBrowser: Native class hierarchy updated for 'HierarchicalLODOutliner' in 0.0006 seconds. Added 1 classes and 2 folders.
[2016.05.27-22.24.08:348][  0]LogLoad: Full Startup: 41.93 seconds (BP compile: 0.44 seconds)
[2016.05.27-22.24.08:357][  0]LogExternalProfiler: Found external profiler: VSPerf
[2016.05.27-22.24.08:357][  0]LogExternalProfiler: Using external profiler: VSPerf
[2016.05.27-22.24.08:864][  0]LogOcInput: OculusInput pre-init called
[2016.05.27-22.24.11:070][  0]LogContentStreaming: Texture pool size now 1000 MB
[2016.05.27-22.24.13:275][  0]LogRenderer: Reallocating scene render targets to support 916x576 (Frame:2).
[2016.05.27-22.24.15:239][  6]LogAssetRegistry: Asset discovery search completed in 29.3925 seconds
[2016.05.27-22.24.15:246][  6]LogCollectionManager: Rebuilt the object cache for 0 collections in 0.000001 seconds (found 0 objects)
[2016.05.27-22.24.15:255][  6]LogCollectionManager: Fixed up redirectors for 0 collections in 0.015049 seconds (updated 0 objects)
[2016.05.27-22.26.27:756][541]LogPlayLevel: PlayLevel: No blueprints needed recompiling
[2016.05.27-22.26.27:888][541]PIE: New page: PIE session: Untitled_0 (May 27, 2016, 1:26:27 PM)
[2016.05.27-22.26.28:106][541]LogPlayLevel: Creating play world package: /Temp/UEDPIE_0_Untitled_0
[2016.05.27-22.26.28:227][541]LogPlayLevel: PIE: StaticDuplicateObject took: (0.120767s)
[2016.05.27-22.26.28:232][541]LogAIModule: Creating AISystem for world NewWorld
[2016.05.27-22.26.28:233][541]LogPlayLevel: PIE: World Init took: (0.001592s)
[2016.05.27-22.26.28:240][541]LogPlayLevel: PIE: Created PIE world by copying editor world from /Temp/Untitled_0.NewWorld to /Temp/UEDPIE_0_Untitled_0.NewWorld (0.133689s)
[2016.05.27-22.26.28:566][541]LogInit: XAudio2 using 'Speakers (SteelSeries Diablo III Headset)' : 2 channels at 44.1 kHz using 16 bits per sample (channel mask 0x3)
[2016.05.27-22.26.28:574][541]LogInit: FAudioDevice initialized.
[2016.05.27-22.26.29:818][541]LogLinker:Error: PhysicsHandleComponent_1 has an inappropriate outermost, it was probably saved with a deprecated outer (file: ../../../../../My Documents/GitHub/ChildrenAmongGiants/WhisperOfALullaby/Content/Blueprints/ThirdPersonCharacter.uasset)
[2016.05.27-22.26.30:221][541]LogBlueprint:Warning: [compiler CrowdSpawner_Blueprint] Warning 'Item' is already a 'Manager', you don't need  Cast To Manager .
[2016.05.27-22.26.30:222][541]LogBlueprint:Warning: [compiler CrowdSpawner_Blueprint] Warning [0183.80] Compile of CrowdSpawner_Blueprint successful, but with 1 Warning(s) [in 15 ms]
[2016.05.27-22.26.30:222][541]LogBlueprint:Warning: [compiler CrowdSpawner_Blueprint] Warning [0183.80] Compile of CrowdSpawner_Blueprint successful, but with 2 Warning(s) [in 0 ms]
[2016.05.27-22.26.30:222][541]LogBlueprint:Warning: [compiler CrowdSpawner_Blueprint] Warning [0183.80] Compile of CrowdSpawner_Blueprint successful, but with 3 Warning(s) [in 0 ms]
[2016.05.27-22.26.30:255][541]LogBlueprint:Warning: [compiler Manager] Warning Can't connect pins  Target Array  and  Out Actors : Array of References is not compatible with Array of Actor References.
[2016.05.27-22.26.30:255][541]LogBlueprint:Warning: [compiler Manager] Warning Can't connect pins  Out Actors  and  Target Array : Array of Actor References is not compatible with Array of References.
[2016.05.27-22.26.30:256][541]LogBlueprint:Error: [compiler Manager] Error Invalid pin connection from ' Out Actors ' to ' Target Array '. You may have changed the type after the connections were made.
[2016.05.27-22.26.30:291][541]LogBlueprint:Warning: [compiler Manager] Warning [0183.87] Compile of Manager failed. 1 Fatal Issue(s) 2 Warning(s) [in 55 ms]
[2016.05.27-22.26.30:291][541]LogBlueprint:Warning: [compiler Manager] Warning [0183.87] Compile of Manager failed. 1 Fatal Issue(s) 3 Warning(s) [in 0 ms]
[2016.05.27-22.26.30:291][541]LogBlueprint:Warning: [compiler Manager] Warning [0183.87] Compile of Manager failed. 1 Fatal Issue(s) 4 Warning(s) [in 0 ms]
[2016.05.27-22.26.30:773][541]LogLinker:Error: PhysicsHandleComponent_1 has an inappropriate outermost, it was probably saved with a deprecated outer (file: ../../../../../My Documents/GitHub/ChildrenAmongGiants/WhisperOfALullaby/Content/Blueprints/ThirdPersonCharacter.uasset)
[2016.05.27-22.26.30:774][541]LogLinker:Error: PhysicsHandleComponent_1 has an inappropriate outermost, it was probably saved with a deprecated outer (file: ../../../../../My Documents/GitHub/ChildrenAmongGiants/WhisperOfALullaby/Content/Blueprints/ThirdPersonCharacter.uasset)
[2016.05.27-22.26.30:914][541]ImportText (Location): Missing opening parenthesis: 
[2016.05.27-22.26.30:998][541]LogBlueprint:Warning: [compiler CrowdSpawner_Blueprint] Warning 'Item' is already a 'Manager', you don't need  Cast To Manager .
[2016.05.27-22.26.30:999][541]LogBlueprint:Warning: [compiler CrowdSpawner_Blueprint] Warning [0184.58] Compile of CrowdSpawner_Blueprint successful, but with 1 Warning(s) [in 3 ms]
[2016.05.27-22.26.30:999][541]LogBlueprint:Warning: [compiler CrowdSpawner_Blueprint] Warning [0184.58] Compile of CrowdSpawner_Blueprint successful, but with 2 Warning(s) [in 0 ms]
[2016.05.27-22.26.31:000][541]LogBlueprint:Warning: [compiler CrowdSpawner_Blueprint] Warning [0184.58] Compile of CrowdSpawner_Blueprint successful, but with 3 Warning(s) [in 0 ms]
[2016.05.27-22.26.31:043][541]ImportText (Location): Missing opening parenthesis: 
[2016.05.27-22.26.31:047][541]LogLinker:Error: PhysicsHandleComponent_1 has an inappropriate outermost, it was probably saved with a deprecated outer (file: ../../../../../My Documents/GitHub/ChildrenAmongGiants/WhisperOfALullaby/Content/Blueprints/ThirdPersonCharacter.uasset)
[2016.05.27-22.26.31:791][541]LogWorld: Game class is 'ThirdPersonGameMode_C'
[2016.05.27-22.26.31:925][541]LogWorld: Bringing World /Temp/UEDPIE_0_Untitled_0.NewWorld up for play (max tick rate 0) at 2016.05.27-18.26.31
[2016.05.27-22.26.31:934][541]LogWorld: Bringing up level for play took: 0.011372
[2016.05.27-22.26.32:196][541]LogContentBrowser: Native class hierarchy updated for 'MovieSceneCapture' in 0.0011 seconds. Added 9 classes and 0 folders.
[2016.05.27-22.26.32:408][541]PIE: Info Play in editor start time for /Temp/UEDPIE_0_Untitled_0 3.915
[2016.05.27-22.26.51:693][180]LogActorComponent: UnregisterComponent: (/Engine/Transient.CharMoveComp) Not registered. Aborting.
[2016.05.27-22.26.51:693][180]LogActorComponent: UnregisterComponent: (/Engine/Transient.BPC_UseScanner_GEN_VARIABLE) Not registered. Aborting.
[2016.05.27-22.26.51:693][180]LogActorComponent: UnregisterComponent: (/Engine/Transient.CharacterMovementComponent_0) Not registered. Aborting.
[2016.05.27-22.26.51:693][180]LogActorComponent: UnregisterComponent: (/Engine/Transient.PawnSensing_GEN_VARIABLE) Not registered. Aborting.
[2016.05.27-22.26.51:693][180]LogActorComponent: UnregisterComponent: (/Engine/Transient.CharacterMovementComponent_1) Not registered. Aborting.
[2016.05.27-22.26.51:693][180]LogActorComponent: UnregisterComponent: (/Engine/Transient.PawnSensingComponent_0) Not registered. Aborting.
[2016.05.27-22.27.06:609][800]LogAIModule: Creating AISystem for world ThirdPersonExampleMap
[2016.05.27-22.27.06:712][800]LogActorComponent: UnregisterComponent: (/Engine/Transient.CharMoveComp) Not registered. Aborting.
[2016.05.27-22.27.06:712][800]LogActorComponent: UnregisterComponent: (/Engine/Transient.BPC_UseScanner_GEN_VARIABLE) Not registered. Aborting.
[2016.05.27-22.27.06:712][800]LogActorComponent: UnregisterComponent: (/Engine/Transient.CharacterMovementComponent_2) Not registered. Aborting.
[2016.05.27-22.27.06:712][800]LogActorComponent: UnregisterComponent: (/Engine/Transient.PawnSensing_GEN_VARIABLE) Not registered. Aborting.
[2016.05.27-22.27.06:712][800]LogActorComponent: UnregisterComponent: (/Engine/Transient.CharacterMovementComponent_3) Not registered. Aborting.
[2016.05.27-22.27.06:712][800]LogActorComponent: UnregisterComponent: (/Engine/Transient.PawnSensingComponent_1) Not registered. Aborting.
[2016.05.27-22.27.06:808][800]Cmd: MAP LOAD FILE="../../../../../My Documents/GitHub/ChildrenAmongGiants/WhisperOfALullaby/Content/Maps/ThirdPersonExampleMap.umap" TEMPLATE=0 SHOWPROGRESS=1 FEATURELEVEL=3
[2016.05.27-22.27.06:814][800]LightingResults: New page: Lighting Build
[2016.05.27-22.27.06:840][800]LogContentBrowser: Native class hierarchy updated for 'StatsViewer' in 0.0006 seconds. Added 5 classes and 0 folders.
[2016.05.27-22.27.06:862][800]LoadErrors: New page: Loading map: ThirdPersonExampleMap.umap
[2016.05.27-22.27.06:869][800]MapCheck: New page: Map Check
[2016.05.27-22.27.06:869][800]LightingResults: New page: Lighting Build
[2016.05.27-22.27.07:097][800]LogEditorServer: Finished looking for orphan Actors (0.001 secs)
[2016.05.27-22.27.07:131][800]Cmd: MAP CHECKDEP NOCLEARLOG
[2016.05.27-22.27.07:169][800]MapCheck: Info Map check complete: 0 Error(s), 0 Warning(s), took 37.161ms to complete.
[2016.05.27-22.27.07:169][800]LogFileHelpers: Loading map 'ThirdPersonExampleMap' took 0.423
[2016.05.27-22.27.08:493][940]LogBlueprintUserMessages: Early PlayInEditor Detection: Level '/Game/Maps/ThirdPersonExampleMap.ThirdPersonExampleMap:PersistentLevel' has LevelScriptBlueprint '/Game/Maps/ThirdPersonExampleMap.ThirdPersonExampleMap:PersistentLevel.ThirdPersonExampleMap' with GeneratedClass '/Game/Maps/ThirdPersonExampleMap.ThirdPersonExampleMap_C' with ClassGeneratedBy '/Game/Maps/ThirdPersonExampleMap.ThirdPersonExampleMap:PersistentLevel.ThirdPersonExampleMap'
[2016.05.27-22.27.08:493][940]LogPlayLevel: PlayLevel: No blueprints needed recompiling
[2016.05.27-22.27.08:493][940]PIE: New page: PIE session: ThirdPersonExampleMap (May 27, 2016, 1:27:08 PM)
[2016.05.27-22.27.08:493][940]LogPlayLevel: Creating play world package: /Game/Maps/UEDPIE_0_ThirdPersonExampleMap
[2016.05.27-22.27.08:547][940]LogPlayLevel: PIE: StaticDuplicateObject took: (0.053525s)
[2016.05.27-22.27.08:547][940]LogAIModule: Creating AISystem for world ThirdPersonExampleMap
[2016.05.27-22.27.08:547][940]LogPlayLevel: PIE: World Init took: (0.000519s)
[2016.05.27-22.27.08:547][940]LogPlayLevel: PIE: Created PIE world by copying editor world from /Game/Maps/ThirdPersonExampleMap.ThirdPersonExampleMap to /Game/Maps/UEDPIE_0_ThirdPersonExampleMap.ThirdPersonExampleMap (0.054230s)
[2016.05.27-22.27.08:570][940]LogInit: XAudio2 using 'Speakers (SteelSeries Diablo III Headset)' : 2 channels at 44.1 kHz using 16 bits per sample (channel mask 0x3)
[2016.05.27-22.27.08:577][940]LogInit: FAudioDevice initialized.
[2016.05.27-22.27.08:608][940]LogWorld: Game class is 'ThirdPersonGameMode_C'
[2016.05.27-22.27.08:611][940]LogWorld: Bringing World /Game/Maps/UEDPIE_0_ThirdPersonExampleMap.ThirdPersonExampleMap up for play (max tick rate 0) at 2016.05.27-18.27.08
[2016.05.27-22.27.08:618][940]LogWorld: Bringing up level for play took: 0.009303
[2016.05.27-22.27.08:663][940]PIE: Info Play in editor start time for /Game/Maps/UEDPIE_0_ThirdPersonExampleMap 0.17
[2016.05.27-22.27.08:663][940]LogBlueprintUserMessages: Late PlayInEditor Detection: Level '/Game/Maps/ThirdPersonExampleMap.ThirdPersonExampleMap:PersistentLevel' has LevelScriptBlueprint '/Game/Maps/ThirdPersonExampleMap.ThirdPersonExampleMap:PersistentLevel.ThirdPersonExampleMap' with GeneratedClass '/Game/Maps/ThirdPersonExampleMap.ThirdPersonExampleMap_C' with ClassGeneratedBy '/Game/Maps/ThirdPersonExampleMap.ThirdPersonExampleMap:PersistentLevel.ThirdPersonExampleMap'
[2016.05.27-22.27.15:834][792]LogBlueprintUserMessages: Early EndPlayMap Detection: Level '/Game/Maps/ThirdPersonExampleMap.ThirdPersonExampleMap:PersistentLevel' has LevelScriptBlueprint '/Game/Maps/ThirdPersonExampleMap.ThirdPersonExampleMap:PersistentLevel.ThirdPersonExampleMap' with GeneratedClass '/Game/Maps/ThirdPersonExampleMap.ThirdPersonExampleMap_C' with ClassGeneratedBy '/Game/Maps/ThirdPersonExampleMap.ThirdPersonExampleMap:PersistentLevel.ThirdPersonExampleMap'
[2016.05.27-22.27.15:873][792]LogBlueprintUserMessages: Late EndPlayMap Detection: Level '/Game/Maps/ThirdPersonExampleMap.ThirdPersonExampleMap:PersistentLevel' has LevelScriptBlueprint '/Game/Maps/ThirdPersonExampleMap.ThirdPersonExampleMap:PersistentLevel.ThirdPersonExampleMap' with GeneratedClass '/Game/Maps/ThirdPersonExampleMap.ThirdPersonExampleMap_C' with ClassGeneratedBy '/Game/Maps/ThirdPersonExampleMap.ThirdPersonExampleMap:PersistentLevel.ThirdPersonExampleMap'
[2016.05.27-22.28.25:429][233]LogActorComponent: UnregisterComponent: (/Engine/Transient.CharMoveComp) Not registered. Aborting.
[2016.05.27-22.28.25:429][233]LogActorComponent: UnregisterComponent: (/Engine/Transient.BPC_UseScanner_GEN_VARIABLE) Not registered. Aborting.
[2016.05.27-22.28.25:429][233]LogActorComponent: UnregisterComponent: (/Engine/Transient.CharacterMovementComponent_4) Not registered. Aborting.
[2016.05.27-22.28.25:429][233]LogActorComponent: UnregisterComponent: (/Engine/Transient.PawnSensing_GEN_VARIABLE) Not registered. Aborting.
[2016.05.27-22.28.25:429][233]LogActorComponent: UnregisterComponent: (/Engine/Transient.CharacterMovementComponent_5) Not registered. Aborting.
[2016.05.27-22.28.25:429][233]LogActorComponent: UnregisterComponent: (/Engine/Transient.PawnSensingComponent_2) Not registered. Aborting.
[2016.05.27-22.28.59:282][263]LogAIModule: Creating AISystem for world MainMenu
[2016.05.27-22.28.59:318][263]Cmd: MAP LOAD FILE="../../../../../My Documents/GitHub/ChildrenAmongGiants/WhisperOfALullaby/Content/Maps/MainMenu.umap" TEMPLATE=0 SHOWPROGRESS=1 FEATURELEVEL=3
[2016.05.27-22.28.59:318][263]LightingResults: New page: Lighting Build
[2016.05.27-22.28.59:332][263]LoadErrors: New page: Loading map: MainMenu.umap
[2016.05.27-22.28.59:333][263]MapCheck: New page: Map Check
[2016.05.27-22.28.59:333][263]LightingResults: New page: Lighting Build
[2016.05.27-22.28.59:371][263]LogEditorServer: Finished looking for orphan Actors (0.000 secs)
[2016.05.27-22.28.59:401][263]Cmd: MAP CHECKDEP NOCLEARLOG
[2016.05.27-22.28.59:440][263]MapCheck: Info Map check complete: 0 Error(s), 0 Warning(s), took 38.603ms to complete.
[2016.05.27-22.28.59:440][263]LogFileHelpers: Loading map 'MainMenu' took 0.123
[2016.05.27-22.29.00:525][390]LogBlueprintUserMessages: Early PlayInEditor Detection: Level '/Game/Maps/MainMenu.MainMenu:PersistentLevel' has LevelScriptBlueprint '/Game/Maps/MainMenu.MainMenu:PersistentLevel.MainMenu' with GeneratedClass '/Game/Maps/MainMenu.MainMenu_C' with ClassGeneratedBy '/Game/Maps/MainMenu.MainMenu:PersistentLevel.MainMenu'
[2016.05.27-22.29.00:525][390]LogPlayLevel: PlayLevel: No blueprints needed recompiling
[2016.05.27-22.29.00:525][390]PIE: New page: PIE session: MainMenu (May 27, 2016, 1:29:00 PM)
[2016.05.27-22.29.00:525][390]LogPlayLevel: Creating play world package: /Game/Maps/UEDPIE_0_MainMenu
[2016.05.27-22.29.00:529][390]LogPlayLevel: PIE: StaticDuplicateObject took: (0.003114s)
[2016.05.27-22.29.00:529][390]LogAIModule: Creating AISystem for world MainMenu
[2016.05.27-22.29.00:529][390]LogPlayLevel: PIE: World Init took: (0.000605s)
[2016.05.27-22.29.00:529][390]LogPlayLevel: PIE: Created PIE world by copying editor world from /Game/Maps/MainMenu.MainMenu to /Game/Maps/UEDPIE_0_MainMenu.MainMenu (0.003894s)
[2016.05.27-22.29.00:543][390]LogInit: XAudio2 using 'Speakers (SteelSeries Diablo III Headset)' : 2 channels at 44.1 kHz using 16 bits per sample (channel mask 0x3)
[2016.05.27-22.29.00:549][390]LogInit: FAudioDevice initialized.
[2016.05.27-22.29.00:581][390]LogWorld: Game class is 'ThirdPersonGameMode_C'
[2016.05.27-22.29.00:583][390]LogWorld: Bringing World /Game/Maps/UEDPIE_0_MainMenu.MainMenu up for play (max tick rate 0) at 2016.05.27-18.29.00
[2016.05.27-22.29.00:583][390]LogWorld: Bringing up level for play took: 0.000936
[2016.05.27-22.29.00:650][390]PIE: Info Play in editor start time for /Game/Maps/UEDPIE_0_MainMenu 0.157
[2016.05.27-22.29.00:650][390]LogBlueprintUserMessages: Late PlayInEditor Detection: Level '/Game/Maps/MainMenu.MainMenu:PersistentLevel' has LevelScriptBlueprint '/Game/Maps/MainMenu.MainMenu:PersistentLevel.MainMenu' with GeneratedClass '/Game/Maps/MainMenu.MainMenu_C' with ClassGeneratedBy '/Game/Maps/MainMenu.MainMenu:PersistentLevel.MainMenu'
[2016.05.27-22.29.00:658][390]LogAudio:Warning: Detected orphaned looping sound 'Castle_in_the_Sky_Cue'.
[2016.05.27-22.29.08:053][269]LogNet: Browse: /Game/Maps/ThirdPersonExampleMap
[2016.05.27-22.29.08:073][269]LogLoad: LoadMap: /Game/Maps/ThirdPersonExampleMap
[2016.05.27-22.29.08:129][269]Cmd: MEM
[2016.05.27-22.29.08:284][269]LogMemory: Platform Memory Stats for Windows
[2016.05.27-22.29.08:284][269]LogMemory: Process Physical Memory: 1026.85 MB used, 1052.90 MB peak
[2016.05.27-22.29.08:284][269]LogMemory: Process Virtual Memory: 1460.33 MB used, 1618.61 MB peak
[2016.05.27-22.29.08:284][269]LogMemory: Physical Memory: 8446.84 MB used, 16343.75 MB total
[2016.05.27-22.29.08:284][269]LogMemory: Virtual Memory: 2309.76 MB used, 134217728.00 MB total
[2016.05.27-22.29.08:284][269]LogMemory: 
[2016.05.27-22.29.08:284][269]Allocator Stats for TBB: (not implemented)
[2016.05.27-22.29.09:044][269]LogAIModule: Creating AISystem for world ThirdPersonExampleMap
[2016.05.27-22.29.09:044][269]LogWorld: Game class is 'ThirdPersonGameMode_C'
[2016.05.27-22.29.09:048][269]LogWorld: Bringing World /Game/Maps/UEDPIE_0_ThirdPersonExampleMap.ThirdPersonExampleMap up for play (max tick rate 0) at 2016.05.27-18.29.09
[2016.05.27-22.29.09:048][269]LogWorld: Bringing up level for play took: 0.003406
[2016.05.27-22.29.10:873][485]LogBlueprintUserMessages: Early EndPlayMap Detection: Level '/Game/Maps/MainMenu.MainMenu:PersistentLevel' has LevelScriptBlueprint '/Game/Maps/MainMenu.MainMenu:PersistentLevel.MainMenu' with GeneratedClass '/Game/Maps/MainMenu.MainMenu_C' with ClassGeneratedBy '/Game/Maps/MainMenu.MainMenu:PersistentLevel.MainMenu'
[2016.05.27-22.29.10:901][485]LogBlueprintUserMessages: Late EndPlayMap Detection: Level '/Game/Maps/MainMenu.MainMenu:PersistentLevel' has LevelScriptBlueprint '/Game/Maps/MainMenu.MainMenu:PersistentLevel.MainMenu' with GeneratedClass '/Game/Maps/MainMenu.MainMenu_C' with ClassGeneratedBy '/Game/Maps/MainMenu.MainMenu:PersistentLevel.MainMenu'
[2016.05.27-22.30.40:237][681]LogWindowsTextInputMethodSystem:Display: IME system now deactivated.
[2016.05.27-22.30.40:237][681]LogWindowsTextInputMethodSystem:Display: IME system now deactivated.
[2016.05.27-22.30.40:661][682]Cmd: QUIT_EDITOR
[2016.05.27-22.30.41:922][682]LogExit: Preparing to exit.
[2016.05.27-22.30.43:009][682]LogExit: Editor shut down
[2016.05.27-22.30.43:009][682]LogExit: Transaction tracking system shut down
[2016.05.27-22.30.44:109][682]LogObj: Freed 0b from 0 cluster array pools.
[2016.05.27-22.30.44:109][682]LogExit: Object subsystem successfully closed.
[2016.05.27-22.30.44:284][682]LogD3D11RHI: Shutdown
[2016.05.27-22.30.44:284][682]LogD3D11RHI: CleanupD3DDevice
[2016.05.27-22.30.44:372][682]LogD3D11RHI: ~FD3D11DynamicRHI
[2016.05.27-22.30.44:500][682]LogDerivedDataCache: Shutdown
[2016.05.27-22.30.45:037][682]LogModuleManager: Shutting down and abandoning module ExternalImagePicker (208)
[2016.05.27-22.30.45:037][682]LogModuleManager: Shutting down and abandoning module StatsViewer (207)
[2016.05.27-22.30.45:043][682]LogModuleManager: Shutting down and abandoning module MovieSceneCapture (206)
[2016.05.27-22.30.45:049][682]LogModuleManager: Shutting down and abandoning module HierarchicalLODOutliner (205)
[2016.05.27-22.30.45:054][682]LogModuleManager: Shutting down and abandoning module CrashTracker (204)
[2016.05.27-22.30.45:054][682]LogModuleManager: Shutting down and abandoning module SceneOutliner (203)
[2016.05.27-22.30.45:063][682]LogModuleManager: Shutting down and abandoning module SuperSearch (202)
[2016.05.27-22.30.45:063][682]LogModuleManager: Shutting down and abandoning module WidgetCarousel (201)
[2016.05.27-22.30.45:063][682]LogModuleManager: Shutting down and abandoning module AddContentDialog (200)
[2016.05.27-22.30.45:085][682]LogModuleManager: Shutting down and abandoning module GameplayTags (199)
[2016.05.27-22.30.45:085][682]LogModuleManager: Shutting down and abandoning module EditorWidgets (198)
[2016.05.27-22.30.45:085][682]LogModuleManager: Shutting down and abandoning module CollectionManager (197)
[2016.05.27-22.30.45:093][682]LogModuleManager: Shutting down and abandoning module FoliageEdit (196)
[2016.05.27-22.30.45:095][682]LogModuleManager: Shutting down and abandoning module LandscapeEditor (195)
[2016.05.27-22.30.45:102][682]LogModuleManager: Shutting down and abandoning module ActorPickerMode (194)
[2016.05.27-22.30.45:102][682]LogModuleManager: Shutting down and abandoning module GeometryMode (193)
[2016.05.27-22.30.45:102][682]LogModuleManager: Shutting down and abandoning module TextureAlignMode (192)
[2016.05.27-22.30.45:102][682]LogModuleManager: Shutting down and abandoning module BspMode (191)
[2016.05.27-22.30.45:102][682]LogModuleManager: Shutting down and abandoning module PlacementMode (190)
[2016.05.27-22.30.45:102][682]LogModuleManager: Shutting down and abandoning module AutomationWorker (189)
[2016.05.27-22.30.45:102][682]LogModuleManager: Shutting down and abandoning module CharacterAI (188)
[2016.05.27-22.30.45:102][682]LogModuleManager: Shutting down and abandoning module SmartSnapping (187)
[2016.05.27-22.30.45:102][682]LogModuleManager: Shutting down and abandoning module ViewportSnapping (186)
[2016.05.27-22.30.45:102][682]LogModuleManager: Shutting down and abandoning module LogVisualizer (185)
[2016.05.27-22.30.45:122][682]LogModuleManager: Shutting down and abandoning module GameProjectGeneration (184)
[2016.05.27-22.30.45:153][682]LogModuleManager: Shutting down and abandoning module IntroTutorials (183)
[2016.05.27-22.30.45:163][682]LogModuleManager: Shutting down and abandoning module EditorLiveStreaming (182)
[2016.05.27-22.30.45:163][682]LogModuleManager: Shutting down and abandoning module IOSPlatformEditor (181)
[2016.05.27-22.30.45:174][682]LogModuleManager: Shutting down and abandoning module HTML5PlatformEditor (180)
[2016.05.27-22.30.45:174][682]LogModuleManager: Shutting down and abandoning module AndroidDeviceDetection (179)
[2016.05.27-22.30.46:083][682]LogModuleManager: Shutting down and abandoning module AndroidPlatformEditor (178)
[2016.05.27-22.30.46:083][682]LogModuleManager: Shutting down and abandoning module IOSRuntimeSettings (177)
[2016.05.27-22.30.46:083][682]LogModuleManager: Shutting down and abandoning module AndroidRuntimeSettings (176)
[2016.05.27-22.30.46:083][682]LogModuleManager: Shutting down and abandoning module MergeActors (175)
[2016.05.27-22.30.46:111][682]LogModuleManager: Shutting down and abandoning module SizeMap (174)
[2016.05.27-22.30.46:120][682]LogModuleManager: Shutting down and abandoning module TreeMap (173)
[2016.05.27-22.30.46:124][682]LogModuleManager: Shutting down and abandoning module ReferenceViewer (172)
[2016.05.27-22.30.46:132][682]LogModuleManager: Shutting down and abandoning module LocalizationService (171)
[2016.05.27-22.30.46:138][682]LogModuleManager: Shutting down and abandoning module LocalizationDashboard (170)
[2016.05.27-22.30.46:141][682]LogModuleManager: Shutting down and abandoning module HardwareTargeting (169)
[2016.05.27-22.30.46:141][682]LogModuleManager: Shutting down and abandoning module DeviceProfileEditor (168)
[2016.05.27-22.30.46:146][682]LogModuleManager: Shutting down and abandoning module UndoHistory (167)
[2016.05.27-22.30.46:154][682]LogModuleManager: Shutting down and abandoning module UserFeedback (166)
[2016.05.27-22.30.46:155][682]LogModuleManager: Shutting down and abandoning module XmlParser (165)
[2016.05.27-22.30.46:159][682]LogModuleManager: Shutting down and abandoning module Blutility (164)
[2016.05.27-22.30.46:169][682]LogModuleManager: Shutting down and abandoning module ProjectTargetPlatformEditor (163)
[2016.05.27-22.30.46:169][682]LogModuleManager: Shutting down and abandoning module ProjectSettingsViewer (162)
[2016.05.27-22.30.46:169][682]LogModuleManager: Shutting down and abandoning module InputBindingEditor (161)
[2016.05.27-22.30.46:193][682]LogModuleManager: Shutting down and abandoning module EditorSettingsViewer (160)
[2016.05.27-22.30.46:193][682]LogModuleManager: Shutting down and abandoning module SettingsEditor (159)
[2016.05.27-22.30.46:204][682]LogModuleManager: Shutting down and abandoning module ProjectLauncher (158)
[2016.05.27-22.30.46:212][682]LogModuleManager: Shutting down and abandoning module SessionFrontend (157)
[2016.05.27-22.30.46:216][682]LogModuleManager: Shutting down and abandoning module ProfilerClient (156)
[2016.05.27-22.30.46:222][682]LogModuleManager: Shutting down and abandoning module TargetDeviceServices (155)
[2016.05.27-22.30.46:226][682]LogModuleManager: Shutting down and abandoning module DeviceManager (154)
[2016.05.27-22.30.46:272][682]LogModuleManager: Shutting down and abandoning module AutomationController (153)
[2016.05.27-22.30.46:280][682]LogModuleManager: Shutting down and abandoning module AutomationWindow (152)
[2016.05.27-22.30.46:297][682]LogModuleManager: Shutting down and abandoning module Layers (151)
[2016.05.27-22.30.46:312][682]LogModuleManager: Shutting down and abandoning module ComponentVisualizers (150)
[2016.05.27-22.30.46:312][682]LogModuleManager: Shutting down and abandoning module DetailCustomizations (149)
[2016.05.27-22.30.46:317][682]LogModuleManager: Shutting down and abandoning module PackagesDialog (148)
[2016.05.27-22.30.46:318][682]LogModuleManager: Shutting down and abandoning module Persona (147)
[2016.05.27-22.30.46:369][682]LogModuleManager: Shutting down and abandoning module Kismet (146)
[2016.05.27-22.30.46:382][682]LogModuleManager: Shutting down and abandoning module GraphEditor (145)
[2016.05.27-22.30.46:426][682]LogModuleManager: Shutting down and abandoning module ClassViewer (144)
[2016.05.27-22.30.46:438][682]LogModuleManager: Shutting down and abandoning module Toolbox (143)
[2016.05.27-22.30.46:449][682]LogModuleManager: Shutting down and abandoning module ModuleUI (142)
[2016.05.27-22.30.46:458][682]LogModuleManager: Shutting down and abandoning module MovieSceneTools (141)
[2016.05.27-22.30.46:468][682]LogModuleManager: Shutting down and abandoning module OutputLog (140)
[2016.05.27-22.30.46:476][682]LogModuleManager: Shutting down and abandoning module GammaUI (139)
[2016.05.27-22.30.46:481][682]LogModuleManager: Shutting down and abandoning module Documentation (138)
[2016.05.27-22.30.46:481][682]LogModuleManager: Shutting down and abandoning module StreamingPauseRendering (137)
[2016.05.27-22.30.46:481][682]LogModuleManager: Shutting down and abandoning module AnalyticsET (136)
[2016.05.27-22.30.46:481][682]LogModuleManager: Shutting down and abandoning module Analytics (135)
[2016.05.27-22.30.46:481][682]LogModuleManager: Shutting down and abandoning module PortalServices (134)
[2016.05.27-22.30.46:481][682]LogModuleManager: Shutting down and abandoning module PortalRpc (133)
[2016.05.27-22.30.46:481][682]LogModuleManager: Shutting down and abandoning module MessagingRpc (132)
[2016.05.27-22.30.46:481][682]LogModuleManager: Shutting down and abandoning module AITestSuite (131)
[2016.05.27-22.30.46:488][682]LogModuleManager: Shutting down and abandoning module GameplayDebugger (130)
[2016.05.27-22.30.46:495][682]LogModuleManager: Shutting down and abandoning module AIModule (129)
[2016.05.27-22.30.46:495][682]LogModuleManager: Shutting down and abandoning module ProfilerService (128)
[2016.05.27-22.30.46:540][682]LogModuleManager: Shutting down and abandoning module TaskGraph (127)
[2016.05.27-22.30.46:551][682]LogModuleManager: Shutting down and abandoning module SubstanceEditor (126)
[2016.05.27-22.30.46:564][682]LogModuleManager: Shutting down and abandoning module SlateRemote (125)
[2016.05.27-22.30.46:564][682]LogModuleManager: Shutting down and abandoning module SteamVRController (124)
[2016.05.27-22.30.46:564][682]LogModuleManager: Shutting down and abandoning module SteamVR (123)
[2016.05.27-22.30.46:564][682]LogModuleManager: Shutting down and abandoning module ProceduralMeshComponent (122)
[2016.05.27-22.30.46:564][682]LogModuleManager: Shutting down and abandoning module OculusLibrary (121)
[2016.05.27-22.30.46:564][682]LogModuleManager: Shutting down and abandoning module OculusInput (120)
[2016.05.27-22.30.46:564][682]LogModuleManager: Shutting down and abandoning module CustomMeshComponent (119)
[2016.05.27-22.30.46:564][682]LogModuleManager: Shutting down and abandoning module CableComponent (118)
[2016.05.27-22.30.46:564][682]LogModuleManager: Shutting down and abandoning module ArchVisCharacter (117)
[2016.05.27-22.30.46:564][682]LogModuleManager: Shutting down and abandoning module MediaPlayerEditor (116)
[2016.05.27-22.30.46:586][682]LogModuleManager: Shutting down and abandoning module HTML5Networking (115)
[2016.05.27-22.30.46:586][682]LogModuleManager: Shutting down and abandoning module SpeedTreeImporter (114)
[2016.05.27-22.30.46:586][682]LogModuleManager: Shutting down and abandoning module PluginBrowser (113)
[2016.05.27-22.30.46:608][682]LogModuleManager: Shutting down and abandoning module EpicSurvey (112)
[2016.05.27-22.30.46:616][682]LogModuleManager: Shutting down and abandoning module DesktopPlatform (111)
[2016.05.27-22.30.46:630][682]LogModuleManager: Shutting down and abandoning module VisualStudioSourceCodeAccess (110)
[2016.05.27-22.30.46:641][682]LogModuleManager: Shutting down and abandoning module UObjectPlugin (109)
[2016.05.27-22.30.46:641][682]LogModuleManager: Shutting down and abandoning module SubversionSourceControl (108)
[2016.05.27-22.30.46:652][682]LogModuleManager: Shutting down and abandoning module PerforceSourceControl (107)
[2016.05.27-22.30.46:667][682]LogModuleManager: Shutting down and abandoning module SourceControl (106)
[2016.05.27-22.30.46:679][682]LogModuleManager: Shutting down and abandoning module GitSourceControl (105)
[2016.05.27-22.30.46:697][682]LogModuleManager: Shutting down and abandoning module LightPropagationVolumeEditor (104)
[2016.05.27-22.30.46:697][682]LogModuleManager: Shutting down and abandoning module PaperTiledImporter (103)
[2016.05.27-22.30.46:709][682]LogModuleManager: Shutting down and abandoning module PaperSpriteSheetImporter (102)
[2016.05.27-22.30.46:709][682]LogModuleManager: Shutting down and abandoning module MeshPaint (101)
[2016.05.27-22.30.46:722][682]LogModuleManager: Shutting down and abandoning module HotReload (100)
[2016.05.27-22.30.46:730][682]LogModuleManager: Shutting down and abandoning module MainFrame (99)
[2016.05.27-22.30.46:730][682]LogModuleManager: Shutting down and abandoning module LevelEditor (98)
[2016.05.27-22.30.46:730][682]LogModuleManager: Shutting down and abandoning module DirectoryWatcher (97)
[2016.05.27-22.30.46:731][682]LogModuleManager: Shutting down and abandoning module AssetRegistry (96)
[2016.05.27-22.30.46:919][682]LogModuleManager: Shutting down and abandoning module ContentBrowser (95)
[2016.05.27-22.30.46:920][682]LogModuleManager: Shutting down and abandoning module Paper2DEditor (94)
[2016.05.27-22.30.46:955][682]LogModuleManager: Shutting down and abandoning module UdpMessaging (93)
[2016.05.27-22.30.47:056][682]LogModuleManager: Shutting down and abandoning module SubstanceCore (92)
[2016.05.27-22.30.47:079][682]LogModuleManager: Shutting down and abandoning module LightPropagationVolumeRuntime (91)
[2016.05.27-22.30.47:079][682]LogModuleManager: Shutting down and abandoning module Paper2D (90)
[2016.05.27-22.30.47:091][682]LogModuleManager: Shutting down and abandoning module WindowsMoviePlayer (89)
[2016.05.27-22.30.47:100][682]LogModuleManager: Shutting down and abandoning module Media (88)
[2016.05.27-22.30.47:100][682]LogModuleManager: Shutting down and abandoning module WmfMedia (87)
[2016.05.27-22.30.47:109][682]LogModuleManager: Shutting down and abandoning module MediaAssets (86)
[2016.05.27-22.30.47:109][682]LogModuleManager: Shutting down and abandoning module GameLiveStreaming (85)
[2016.05.27-22.30.47:109][682]LogModuleManager: Shutting down and abandoning module GameplayTagsEditor (84)
[2016.05.27-22.30.47:109][682]LogModuleManager: Shutting down and abandoning module OnlineBlueprintSupport (83)
[2016.05.27-22.30.47:109][682]LogModuleManager: Shutting down and abandoning module GameplayTasksEditor (82)
[2016.05.27-22.30.47:109][682]LogModuleManager: Shutting down and abandoning module PropertyEditor (81)
[2016.05.27-22.30.47:109][682]LogModuleManager: Shutting down and abandoning module BehaviorTreeEditor (80)
[2016.05.27-22.30.47:133][682]LogModuleManager: Shutting down and abandoning module FunctionalTesting (79)
[2016.05.27-22.30.47:143][682]LogModuleManager: Shutting down and abandoning module CollisionAnalyzer (78)
[2016.05.27-22.30.47:159][682]LogModuleManager: Shutting down and abandoning module WorkspaceMenuStructure (77)
[2016.05.27-22.30.47:159][682]LogModuleManager: Shutting down and abandoning module MessageLog (76)
[2016.05.27-22.30.47:159][682]LogModuleManager: Shutting down and abandoning module Sequencer (75)
[2016.05.27-22.30.47:181][682]LogModuleManager: Shutting down and abandoning module AssetTools (74)
[2016.05.27-22.30.47:191][682]LogModuleManager: Shutting down and abandoning module UMGEditor (73)
[2016.05.27-22.30.47:217][682]LogModuleManager: Shutting down and abandoning module UMG (72)
[2016.05.27-22.30.47:217][682]LogModuleManager: Shutting down and abandoning module SlateReflector (71)
[2016.05.27-22.30.47:239][682]LogModuleManager: Shutting down and abandoning module Slate (70)
[2016.05.27-22.30.47:239][682]LogModuleManager: Shutting down and abandoning module EditorStyle (69)
[2016.05.27-22.30.47:240][682]LogModuleManager: Shutting down and abandoning module SessionServices (68)
[2016.05.27-22.30.47:240][682]LogModuleManager: Shutting down and abandoning module SourceCodeAccess (67)
[2016.05.27-22.30.47:241][682]LogModuleManager: Shutting down and abandoning module HeadMountedDisplay (66)
[2016.05.27-22.30.47:241][682]LogModuleManager: Shutting down and abandoning module XAudio2 (65)
[2016.05.27-22.30.47:241][682]LogModuleManager: Shutting down and abandoning module Networking (63)
[2016.05.27-22.30.47:241][682]LogModuleManager: Shutting down and abandoning module Core (62)
[2016.05.27-22.30.47:241][682]LogModuleManager: Shutting down and abandoning module KismetCompiler (61)
[2016.05.27-22.30.47:245][682]LogModuleManager: Shutting down and abandoning module PhysXFormats (60)
[2016.05.27-22.30.47:245][682]LogModuleManager: Shutting down and abandoning module MeshUtilities (59)
[2016.05.27-22.30.47:262][682]LogModuleManager: Shutting down and abandoning module CookingStats (58)
[2016.05.27-22.30.47:262][682]LogModuleManager: Shutting down and abandoning module DerivedDataCache (57)
[2016.05.27-22.30.47:262][682]LogDerivedDataCache: Shutdown
[2016.05.27-22.30.47:262][682]LogModuleManager: Shutting down and abandoning module ShaderFormatOpenGL (56)
[2016.05.27-22.30.47:271][682]LogModuleManager: Shutting down and abandoning module ShaderFormatD3D (55)
[2016.05.27-22.30.47:271][682]LogModuleManager: Shutting down and abandoning module MetalShaderFormat (54)
[2016.05.27-22.30.47:277][682]LogModuleManager: Shutting down and abandoning module TextureFormatUncompressed (53)
[2016.05.27-22.30.47:277][682]LogModuleManager: Shutting down and abandoning module TextureFormatPVR (52)
[2016.05.27-22.30.47:277][682]LogModuleManager: Shutting down and abandoning module TextureFormatIntelISPCTexComp (51)
[2016.05.27-22.30.47:277][682]LogModuleManager: Shutting down and abandoning module TextureFormatDXT (50)
[2016.05.27-22.30.47:277][682]LogModuleManager: Shutting down and abandoning module ImageWrapper (49)
[2016.05.27-22.30.47:277][682]LogModuleManager: Shutting down and abandoning module TextureFormatASTC (48)
[2016.05.27-22.30.47:277][682]LogModuleManager: Shutting down and abandoning module TextureFormatAndroid (47)
[2016.05.27-22.30.47:277][682]LogModuleManager: Shutting down and abandoning module AudioFormatOpus (46)
[2016.05.27-22.30.47:282][682]LogModuleManager: Shutting down and abandoning module AudioFormatOgg (45)
[2016.05.27-22.30.47:282][682]LogModuleManager: Shutting down and abandoning module AudioFormatADPCM (44)
[2016.05.27-22.30.47:282][682]LogModuleManager: Shutting down and abandoning module LinuxTargetPlatform (43)
[2016.05.27-22.30.47:282][682]LogModuleManager: Shutting down and abandoning module LinuxServerTargetPlatform (42)
[2016.05.27-22.30.47:282][682]LogModuleManager: Shutting down and abandoning module LinuxNoEditorTargetPlatform (41)
[2016.05.27-22.30.47:282][682]LogModuleManager: Shutting down and abandoning module TVOSTargetPlatform (40)
[2016.05.27-22.30.47:282][682]LogModuleManager: Shutting down and abandoning module Messaging (39)
[2016.05.27-22.30.47:282][682]LogModuleManager: Shutting down and abandoning module IOSTargetPlatform (38)
[2016.05.27-22.30.47:282][682]LogModuleManager: Shutting down and abandoning module HTML5TargetPlatform (37)
[2016.05.27-22.30.47:282][682]LogModuleManager: Shutting down and abandoning module Android_PVRTCTargetPlatform (36)
[2016.05.27-22.30.47:282][682]LogModuleManager: Shutting down and abandoning module Android_MultiTargetPlatform (35)
[2016.05.27-22.30.47:292][682]LogModuleManager: Shutting down and abandoning module Android_ETC2TargetPlatform (34)
[2016.05.27-22.30.47:292][682]LogModuleManager: Shutting down and abandoning module Android_ETC1TargetPlatform (33)
[2016.05.27-22.30.47:292][682]LogModuleManager: Shutting down and abandoning module Android_DXTTargetPlatform (32)
[2016.05.27-22.30.47:292][682]LogModuleManager: Shutting down and abandoning module Android_ATCTargetPlatform (31)
[2016.05.27-22.30.47:292][682]LogModuleManager: Shutting down and abandoning module Android_ASTCTargetPlatform (30)
[2016.05.27-22.30.47:292][682]LogModuleManager: Shutting down and abandoning module AndroidTargetPlatform (29)
[2016.05.27-22.30.47:292][682]LogModuleManager: Shutting down and abandoning module WindowsTargetPlatform (28)
[2016.05.27-22.30.47:292][682]LogModuleManager: Shutting down and abandoning module WindowsServerTargetPlatform (27)
[2016.05.27-22.30.47:292][682]LogModuleManager: Shutting down and abandoning module WindowsNoEditorTargetPlatform (26)
[2016.05.27-22.30.47:292][682]LogModuleManager: Shutting down and abandoning module WindowsClientTargetPlatform (25)
[2016.05.27-22.30.47:293][682]LogModuleManager: Shutting down and abandoning module AllDesktopTargetPlatform (24)
[2016.05.27-22.30.47:293][682]LogModuleManager: Shutting down and abandoning module TargetPlatform (23)
[2016.05.27-22.30.47:293][682]LogModuleManager: Shutting down and abandoning module InputCore (22)
[2016.05.27-22.30.47:293][682]LogModuleManager: Shutting down and abandoning module Settings (21)
[2016.05.27-22.30.47:293][682]LogModuleManager: Shutting down and abandoning module OnlineSubsystem (19)
[2016.05.27-22.30.47:297][682]LogModuleManager: Shutting down and abandoning module HTTP (18)
[2016.05.27-22.30.48:299][682]LogModuleManager: Shutting down and abandoning module XMPP (17)
[2016.05.27-22.30.48:330][682]LogModuleManager: Shutting down and abandoning module OculusRift (16)
[2016.05.27-22.30.48:341][682]LogModuleManager: Shutting down and abandoning module ExampleDeviceProfileSelector (15)
[2016.05.27-22.30.48:341][682]LogModuleManager: Shutting down and abandoning module TextureCompressor (14)
[2016.05.27-22.30.48:341][682]LogModuleManager: Shutting down and abandoning module ShaderCore (13)
[2016.05.27-22.30.48:341][682]LogModuleManager: Shutting down and abandoning module Landscape (12)
[2016.05.27-22.30.48:341][682]LogModuleManager: Shutting down and abandoning module SlateRHIRenderer (11)
[2016.05.27-22.30.48:355][682]LogModuleManager: Shutting down and abandoning module OpenGLDrv (10)
[2016.05.27-22.30.48:365][682]LogModuleManager: Shutting down and abandoning module D3D11RHI (9)
[2016.05.27-22.30.48:365][682]LogModuleManager: Shutting down and abandoning module AnimGraphRuntime (8)
[2016.05.27-22.30.48:370][682]LogModuleManager: Shutting down and abandoning module Renderer (7)
[2016.05.27-22.30.48:370][682]LogModuleManager: Shutting down and abandoning module Engine (6)
[2016.05.27-22.30.48:370][682]LogModuleManager: Shutting down and abandoning module CoreUObject (5)
[2016.05.27-22.30.48:370][682]LogModuleManager: Shutting down and abandoning module NetworkFile (4)
[2016.05.27-22.30.48:380][682]LogModuleManager: Shutting down and abandoning module StreamingFile (3)
[2016.05.27-22.30.48:380][682]LogModuleManager: Shutting down and abandoning module SandboxFile (2)
[2016.05.27-22.30.48:385][682]LogModuleManager: Shutting down and abandoning module PakFile (1)
[2016.05.27-22.30.48:413][682]LogExit: Exiting.
[2016.05.27-22.30.48:423][682]Log file closed, 05/27/16 18:30:48
