Log file open, 06/15/16 15:44:02
LogInit:Display: Running engine for game: WhisperOfALullaby
LogPlatformFile: Not using cached read wrapper
LogInit:Display: RandInit(1892229813) SRandInit(1892229815).
LogTaskGraph: Started task graph with 4 named threads and 7 total threads.
LogStats: Stats thread started at 0.069126
LogInit: Version: 4.11.2-2946394+++UE4+Release-4.11
LogInit: API Version: 2927265
LogInit: Compiled (64-bit): Apr 18 2016 02:18:46
LogInit: Compiled with Visual C++: 19.00.23026.00
LogInit: Build Configuration: Development
LogInit: Branch Name: ++UE4+Release-4.11
LogInit: Command line:  
LogInit: Base directory: C:/Program Files (x86)/Epic Games/4.11/Engine/Binaries/Win64/
LogInit: Installed Engine Build: 1
LogInit: Using libcurl 7.41.0
LogInit:  - built for x86_64-pc-win32
LogInit:  - supports SSL with WinSSL
LogInit:  - other features:
LogInit:      CURL_VERSION_SSL
LogInit:      CURL_VERSION_IPV6
LogInit:      CURL_VERSION_ASYNCHDNS
LogInit:      CURL_VERSION_LARGEFILE
LogInit:      CURL_VERSION_IDN
LogInit:  CurlRequestOptions (configurable via config and command line):
LogInit:  - bVerifyPeer = true  - Libcurl will verify peer certificate
LogInit:  - bUseHttpProxy = false  - Libcurl will NOT use HTTP proxy
LogInit:  - bDontReuseConnections = false  - Libcurl will reuse connections
LogInit:  - CertBundlePath = nullptr  - Libcurl will use whatever was configured at build time.
LogInit: Presizing for max 16777216 objects, including 0 objects not considered by GC, pre-allocating 0 bytes for permanent pool.
LogInit: Object subsystem initialized
[2016.06.15-19.44.03:047][  0]LogInit: Selected Device Profile: [Windows]
[2016.06.15-19.44.03:047][  0]LogInit: Applying CVar settings loaded from the selected device profile: [Windows]
[2016.06.15-19.44.03:060][  0]LogInit: Computer: MAGIC09
[2016.06.15-19.44.03:060][  0]LogInit: User: MagicUser
[2016.06.15-19.44.03:060][  0]LogInit: CPU Page size=65536, Cores=4
[2016.06.15-19.44.03:060][  0]LogInit: High frequency timer resolution =3.613284 MHz
[2016.06.15-19.44.03:060][  0]LogMemory: Memory total: Physical=15.9GB (16GB approx)
[2016.06.15-19.44.03:060][  0]LogMemory: Platform Memory Stats for Windows
[2016.06.15-19.44.03:060][  0]LogMemory: Process Physical Memory: 313.75 MB used, 313.75 MB peak
[2016.06.15-19.44.03:060][  0]LogMemory: Process Virtual Memory: 314.81 MB used, 314.81 MB peak
[2016.06.15-19.44.03:060][  0]LogMemory: Physical Memory: 5511.02 MB used, 16302.16 MB total
[2016.06.15-19.44.03:060][  0]LogMemory: Virtual Memory: 653.23 MB used, 134217728.00 MB total
[2016.06.15-19.44.03:126][  0]LogTextLocalizationManager: No specific translations for ('en-US') exist, so ('en') translations will be used.
[2016.06.15-19.44.03:477][  0]LogD3D11RHI: D3D11 adapters:
[2016.06.15-19.44.03:497][  0]LogD3D11RHI:    0. 'NVIDIA GeForce GTX 780' (Feature Level 11_0)
[2016.06.15-19.44.03:497][  0]LogD3D11RHI:       3013MB of dedicated video memory, 0MB of dedicated system memory, and 8151MB of shared system memory, 2 output[s]
[2016.06.15-19.44.03:499][  0]LogD3D11RHI:    1. 'Microsoft Basic Render Driver' (Feature Level 11_0)
[2016.06.15-19.44.03:499][  0]LogD3D11RHI:       0MB of dedicated video memory, 0MB of dedicated system memory, and 8151MB of shared system memory, 0 output[s]
[2016.06.15-19.44.03:499][  0]LogD3D11RHI: Chosen D3D11 Adapter: 0
[2016.06.15-19.44.03:503][  0]LogD3D11RHI: Creating new Direct3DDevice
[2016.06.15-19.44.03:503][  0]LogD3D11RHI:     Adapter Name: NVIDIA GeForce GTX 780
[2016.06.15-19.44.03:503][  0]LogD3D11RHI:   Driver Version: 10.18.13.6472 (internal 10.18.13.6472)
[2016.06.15-19.44.03:503][  0]LogD3D11RHI:      Driver Date: 3-21-2016
[2016.06.15-19.44.03:503][  0]LogRHI: Texture pool is 1361 MB (70% of 1945 MB)
[2016.06.15-19.44.03:515][  0]LogD3D11RHI: Async texture creation enabled
[2016.06.15-19.44.03:530][  0]LogShaderCompilers: Guid format shader working directory is -48 characters bigger than the processId version (../../../../../../Users/MagicUser/Documents/Unreal Projects/ChildrenAmongGiants/WhisperOfALullaby/Intermediate/Shaders/WorkingDirectory/7196/).
[2016.06.15-19.44.03:530][  0]LogShaderCompilers: Cleaned the shader compiler working directory 'C:/Users/MAGICU~1/AppData/Local/Temp/UnrealShaderWorkingDir/C8874F6E49DC7C2551E35E8F3D0F0AB0/'.
[2016.06.15-19.44.03:530][  0]LogShaderCompilers:Display: Using Local Shader Compiler.
[2016.06.15-19.44.04:706][  0]LogTemp:Display: Loaded TP AllDesktopTargetPlatform
[2016.06.15-19.44.04:710][  0]LogTemp:Display: Loaded TP WindowsClientTargetPlatform
[2016.06.15-19.44.04:714][  0]LogTemp:Display: Loaded TP WindowsNoEditorTargetPlatform
[2016.06.15-19.44.04:718][  0]LogTemp:Display: Loaded TP WindowsServerTargetPlatform
[2016.06.15-19.44.04:722][  0]LogTemp:Display: Loaded TP WindowsTargetPlatform
[2016.06.15-19.44.04:727][  0]LogTemp:Display: Loaded TP AndroidTargetPlatform
[2016.06.15-19.44.04:730][  0]LogTemp:Display: Loaded TP Android_ASTCTargetPlatform
[2016.06.15-19.44.04:732][  0]LogTemp:Display: Loaded TP Android_ATCTargetPlatform
[2016.06.15-19.44.04:735][  0]LogTemp:Display: Loaded TP Android_DXTTargetPlatform
[2016.06.15-19.44.04:738][  0]LogTemp:Display: Loaded TP Android_ETC1TargetPlatform
[2016.06.15-19.44.04:741][  0]LogTemp:Display: Loaded TP Android_ETC2TargetPlatform
[2016.06.15-19.44.04:746][  0]LogTemp:Display: Loaded TP Android_MultiTargetPlatform
[2016.06.15-19.44.04:746][  0]LogTemp:Display: Loaded TP Android_PVRTCTargetPlatform
[2016.06.15-19.44.04:747][  0]LogTemp:Display: Loaded TP HTML5TargetPlatform
[2016.06.15-19.44.04:763][  0]LogTemp:Display: Loaded TP IOSTargetPlatform
[2016.06.15-19.44.04:766][  0]LogTemp:Display: Loaded TP TVOSTargetPlatform
[2016.06.15-19.44.04:768][  0]LogTemp:Display: Loaded TP LinuxNoEditorTargetPlatform
[2016.06.15-19.44.04:771][  0]LogTemp:Display: Loaded TP LinuxServerTargetPlatform
[2016.06.15-19.44.04:776][  0]LogTemp:Display: Loaded TP LinuxTargetPlatform
[2016.06.15-19.44.04:776][  0]LogTargetPlatformManager:Display: Building Assets For Windows
[2016.06.15-19.44.04:841][  0]LogDerivedDataCache:Display: Max Cache Size: 512 MB
[2016.06.15-19.44.05:160][  0]LogDerivedDataCache: Loaded boot cache 0.32s 46MB C:/Users/MagicUser/AppData/Local/UnrealEngine/4.11/DerivedDataCache/Boot.ddc.
[2016.06.15-19.44.05:160][  0]LogDerivedDataCache:Display: Loaded Boot cache: C:/Users/MagicUser/AppData/Local/UnrealEngine/4.11/DerivedDataCache/Boot.ddc
[2016.06.15-19.44.05:160][  0]LogDerivedDataCache: FDerivedDataBackendGraph:  Pak pak cache file ../../../../../../Users/MagicUser/Documents/Unreal Projects/ChildrenAmongGiants/WhisperOfALullaby/DerivedDataCache/DDC.ddp not found, will not use a pak cache.
[2016.06.15-19.44.05:160][  0]LogDerivedDataCache: Unable to find inner node Pak for hierarchical cache Hierarchy.
[2016.06.15-19.44.05:160][  0]LogDerivedDataCache: FDerivedDataBackendGraph:  CompressedPak pak cache file ../../../../../../Users/MagicUser/Documents/Unreal Projects/ChildrenAmongGiants/WhisperOfALullaby/DerivedDataCache/Compressed.ddp not found, will not use a pak cache.
[2016.06.15-19.44.05:160][  0]LogDerivedDataCache: Unable to find inner node CompressedPak for hierarchical cache Hierarchy.
[2016.06.15-19.44.05:173][  0]LogDerivedDataCache:Display: Pak cache opened for reading ../../../Engine/DerivedDataCache/Compressed.ddp.
[2016.06.15-19.44.05:184][  0]LogDerivedDataCache: Using Local data cache path C:/Users/MagicUser/AppData/Local/UnrealEngine/Common/DerivedDataCache: Writable
[2016.06.15-19.44.05:343][  0]LogInit: Selected Device Profile: [Windows]
[2016.06.15-19.44.05:343][  0]LogContentStreaming: Texture pool size is 0.00 MB
[2016.06.15-19.44.05:376][  0]LogMaterial: Uniform references updated for custom material expression Custom.
[2016.06.15-19.44.05:486][  0]LogMeshUtilities: No automatic mesh reduction module available
[2016.06.15-19.44.05:486][  0]LogMeshUtilities: No automatic mesh merging module available
[2016.06.15-19.44.05:486][  0]LogMeshUtilities: No distributed automatic mesh merging module available
[2016.06.15-19.44.05:793][  0]LogUObjectArray: 27679 objects as part of root set at end of initial load.
[2016.06.15-19.44.05:793][  0]LogUObjectAllocator: 5591592 out of 0 bytes used by permanent object pool.
[2016.06.15-19.44.05:793][  0]LogUObjectArray: CloseDisregardForGC: 0/0 objects in disregard for GC pool
[2016.06.15-19.44.05:799][  0]LogInit: WinSock: version 1.1 (2.2), MaxSocks=32767, MaxUdp=65467
[2016.06.15-19.44.05:960][  0]LogSlate: SlateFontCache - WITH_FREETYPE: 1, WITH_HARFBUZZ: 1
[2016.06.15-19.44.05:960][  0]LogSlate: SlateFontCache - WITH_FREETYPE: 1, WITH_HARFBUZZ: 1
[2016.06.15-19.44.07:316][  0]LogStreaming:Warning: Failed to read file '../../../Engine/Content/Editor/Slate/Common/Selection_16x.png' error.
[2016.06.15-19.44.07:316][  0]LogSlate: Could not find file for Slate resource: ../../../Engine/Content/Editor/Slate/Common/Selection_16x.png
[2016.06.15-19.44.07:316][  0]LogStreaming:Warning: Failed to read file '../../../Engine/Content/Editor/Slate/Common/Selection_16x.png' error.
[2016.06.15-19.44.07:316][  0]LogSlate: Could not find file for Slate resource: ../../../Engine/Content/Editor/Slate/Common/Selection_16x.png
[2016.06.15-19.44.07:316][  0]LogStreaming:Warning: Failed to read file '../../../Engine/Content/Editor/Slate/Common/Selection_16x.png' error.
[2016.06.15-19.44.07:316][  0]LogSlate: Could not find file for Slate resource: ../../../Engine/Content/Editor/Slate/Common/Selection_16x.png
[2016.06.15-19.44.17:269][  0]LogSubstanceCoreModule: Substance CPU Engine Loaded, Max Texture Size 2048
[2016.06.15-19.44.17:277][  0]LogUdpMessaging: Initializing bridge on interface 0.0.0.0:0 to multicast group 230.0.0.1:6666.
[2016.06.15-19.44.17:456][  0]LogAssetRegistry: FAssetRegistry took 0.0213 seconds to start up
[2016.06.15-19.44.17:591][  0]SourceControl: Info Source control is disabled
[2016.06.15-19.44.17:624][  0]SourceControl: Info Source control is disabled
[2016.06.15-19.44.17:632][  0]SourceControl: Info Source control is disabled
[2016.06.15-19.44.17:640][  0]SourceControl: Info Source control is disabled
[2016.06.15-19.44.17:866][  0]LogHMD: Failed to initialize OpenVR with code 110
[2016.06.15-19.44.17:959][  0]LogEngine: Initializing Engine...
[2016.06.15-19.44.18:075][  0]LogAIModule: Creating AISystem for world NewWorld
[2016.06.15-19.44.18:081][  0]LogInit: XAudio2 using 'Speakers / Headphones (Realtek High Definition Audio)' : 2 channels at 48 kHz using 32 bits per sample (channel mask 0x3)
[2016.06.15-19.44.18:093][  0]LogInit: FAudioDevice initialized.
[2016.06.15-19.44.18:113][  0]LogDerivedDataCache: Saved boot cache 0.02s 46MB C:/Users/MagicUser/AppData/Local/UnrealEngine/4.11/DerivedDataCache/Boot.ddc.
[2016.06.15-19.44.18:118][  0]LogInit: Texture streaming: Enabled
[2016.06.15-19.44.18:137][  0]LogInit: Transaction tracking system initialized
[2016.06.15-19.44.18:156][  0]BlueprintLog: New page: Editor Load
[2016.06.15-19.44.18:238][  0]LocalizationService: Info Localization service is disabled
[2016.06.15-19.44.18:395][  0]LogConsoleResponse:Display: 
[2016.06.15-19.44.19:358][  0]LogCook:Display: Max memory allowance for cook 8192mb
[2016.06.15-19.44.19:358][  0]LogCook:Display: Mobile HDR setting 1
[2016.06.15-19.44.19:358][  0]LogCook:Display: Done creating registry. It took  0.00s.
[2016.06.15-19.44.19:595][  0]LogFileCache: Scanning file cache for directory 'C:/Users/MagicUser/Documents/Unreal Projects/ChildrenAmongGiants/WhisperOfALullaby/Content/' took 0.02s
[2016.06.15-19.44.19:608][  0]SourceControl: Info Source control is disabled
[2016.06.15-19.44.19:608][  0]Cmd: MAP LOAD FILE="../../../../../../Users/MagicUser/Documents/Unreal Projects/ChildrenAmongGiants/WhisperOfALullaby/Content/Maps/ThirdPersonExampleMap.umap" TEMPLATE=0 SHOWPROGRESS=1 FEATURELEVEL=3
[2016.06.15-19.44.19:608][  0]LightingResults: New page: Lighting Build
[2016.06.15-19.44.19:610][  0]MapCheck: New page: Map Check
[2016.06.15-19.44.19:610][  0]LightingResults: New page: Lighting Build
[2016.06.15-19.44.20:209][  0]LogBlueprint:Warning: [compiler CrowdSpawner_Blueprint] Warning 'Item' is already a 'Manager', you don't need  Cast To Manager .
[2016.06.15-19.44.20:210][  0]LogBlueprint:Warning: [compiler CrowdSpawner_Blueprint] Warning [0017.95] Compile of CrowdSpawner_Blueprint successful, but with 1 Warning(s) [in 4 ms]
[2016.06.15-19.44.20:210][  0]LogBlueprint:Warning: [compiler CrowdSpawner_Blueprint] Warning [0017.95] Compile of CrowdSpawner_Blueprint successful, but with 2 Warning(s) [in 0 ms]
[2016.06.15-19.44.20:210][  0]LogBlueprint:Warning: [compiler CrowdSpawner_Blueprint] Warning [0017.95] Compile of CrowdSpawner_Blueprint successful, but with 3 Warning(s) [in 0 ms]
[2016.06.15-19.44.20:246][  0]LogBlueprint:Warning: [compiler Manager] Warning Can't connect pins  Target Array  and  Out Actors : Array of References is not compatible with Array of Actor References.
[2016.06.15-19.44.20:246][  0]LogBlueprint:Warning: [compiler Manager] Warning Can't connect pins  Out Actors  and  Target Array : Array of Actor References is not compatible with Array of References.
[2016.06.15-19.44.20:246][  0]LogBlueprint:Error: [compiler Manager] Error Invalid pin connection from ' Out Actors ' to ' Target Array '. You may have changed the type after the connections were made.
[2016.06.15-19.44.20:257][  0]LogBlueprint:Warning: [compiler Manager] Warning [0018.00] Compile of Manager failed. 1 Fatal Issue(s) 2 Warning(s) [in 25 ms]
[2016.06.15-19.44.20:257][  0]LogBlueprint:Warning: [compiler Manager] Warning [0018.00] Compile of Manager failed. 1 Fatal Issue(s) 3 Warning(s) [in 0 ms]
[2016.06.15-19.44.20:257][  0]LogBlueprint:Warning: [compiler Manager] Warning [0018.00] Compile of Manager failed. 1 Fatal Issue(s) 4 Warning(s) [in 0 ms]
[2016.06.15-19.44.20:262][  0]LogBlueprint:Warning: [compiler CrowdSpawner_Blueprint] Warning 'Item' is already a 'Manager', you don't need  Cast To Manager .
[2016.06.15-19.44.20:263][  0]LogBlueprint:Warning: [compiler CrowdSpawner_Blueprint] Warning [0018.01] Compile of CrowdSpawner_Blueprint successful, but with 1 Warning(s) [in 4 ms]
[2016.06.15-19.44.20:263][  0]LogBlueprint:Warning: [compiler CrowdSpawner_Blueprint] Warning [0018.01] Compile of CrowdSpawner_Blueprint successful, but with 2 Warning(s) [in 0 ms]
[2016.06.15-19.44.20:263][  0]LogBlueprint:Warning: [compiler CrowdSpawner_Blueprint] Warning [0018.01] Compile of CrowdSpawner_Blueprint successful, but with 3 Warning(s) [in 0 ms]
[2016.06.15-19.44.23:750][  0]Warning: Unknown property in Dialogue_TableItem: DataTable=None,RowName=) 
[2016.06.15-19.44.23:750][  0]Warning: Unknown property in Dialogue_TableItem: RowName=) 
[2016.06.15-19.44.25:407][  0]Warning: Unknown property in Dialogue_TableItem: DataTable=None,RowName=) 
[2016.06.15-19.44.25:407][  0]Warning: Unknown property in Dialogue_TableItem: RowName=) 
[2016.06.15-19.44.27:731][  0]LogAIModule: Creating AISystem for world ThirdPersonExampleMap
[2016.06.15-19.44.27:919][  0]LogEditorServer: Finished looking for orphan Actors (0.000 secs)
[2016.06.15-19.44.27:920][  0]Cmd: MAP CHECKDEP NOCLEARLOG
[2016.06.15-19.44.27:990][  0]MapCheck: Info Map check complete: 0 Error(s), 0 Warning(s), took 69.385ms to complete.
[2016.06.15-19.44.27:990][  0]LogFileHelpers: Loading map 'ThirdPersonExampleMap' took 8.382
[2016.06.15-19.44.28:108][  0]LogCollectionManager: Loaded 0 collections in 0.001623 seconds
[2016.06.15-19.44.28:151][  0]LogFileCache: Scanning file cache for directory 'C:/Users/MagicUser/Documents/Unreal Projects/ChildrenAmongGiants/WhisperOfALullaby/Saved/Collections/' took 0.01s
[2016.06.15-19.44.28:151][  0]LogFileCache: Scanning file cache for directory 'C:/Users/MagicUser/Documents/Unreal Projects/ChildrenAmongGiants/WhisperOfALullaby/Content/Developers/MagicUser/Collections/' took 0.01s
[2016.06.15-19.44.28:151][  0]LogFileCache: Scanning file cache for directory 'C:/Users/MagicUser/Documents/Unreal Projects/ChildrenAmongGiants/WhisperOfALullaby/Content/Collections/' took 0.01s
[2016.06.15-19.44.28:151][  0]LogCollectionManager: Rebuilt the GUID cache for 0 collections in 0.000003 seconds
[2016.06.15-1